* using log directory 'D:/frontEnd/hw07-RyanGao67/foofactors.Rcheck'
* using R version 3.5.1 (2018-07-02)
* using platform: x86_64-w64-mingw32 (64-bit)
* using session charset: CP936
* using options '--no-manual --as-cran'
* checking for file 'foofactors/DESCRIPTION' ... OK
* this is package 'foofactors' version '0.0.0.9000'
* checking package namespace information ... OK
* checking package dependencies ... OK
* checking if this is a source package ... OK
* checking if there is a namespace ... OK
* checking for .dll and .exe files ... OK
* checking for hidden files and directories ... OK
* checking for portable file names ... OK
* checking serialization versions ... OK
* checking whether package 'foofactors' can be installed ... OK
* checking package directory ... OK
* checking 'build' directory ... OK
* checking DESCRIPTION meta-information ... OK
* checking top-level files ... OK
* checking for left-over files ... OK
* checking index information ... OK
* checking package subdirectories ... OK
* checking R files for non-ASCII characters ... OK
* checking R files for syntax errors ... OK
* checking whether the package can be loaded ... OK
* checking whether the package can be loaded with stated dependencies ... OK
* checking whether the package can be unloaded cleanly ... OK
* checking whether the namespace can be loaded with stated dependencies ... OK
* checking whether the namespace can be unloaded cleanly ... OK
* checking dependencies in R code ... WARNING
'::' or ':::' import not declared from: 'readr'
* checking S3 generic/method consistency ... OK
* checking replacement functions ... OK
* checking foreign function calls ... OK
* checking R code for possible problems ... NOTE
dfread: no visible binding for global variable 'dffilename'
Undefined global functions or variables:
  dffilename
* checking Rd files ... OK
* checking Rd metadata ... OK
* checking Rd line widths ... OK
* checking Rd cross-references ... OK
* checking for missing documentation entries ... OK
* checking for code/documentation mismatches ... WARNING
Functions or methods with usage in documentation object 'dfread' but not in code:
  readdataframe

Functions or methods with usage in documentation object 'dfwrite' but not in code:
  writedataframe

Codoc mismatches from documentation object 'detect_factors':
detect_factors
  Code: function(x)
  Docs: function(f)
  Argument names in code not in docs:
    x
  Argument names in docs not in code:
    f
  Mismatches in argument names:
    Position: 1 Code: x Docs: f

Codoc mismatches from documentation object 'newfactor':
newfactor
  Code: function(x)
  Docs: function(f)
  Argument names in code not in docs:
    x
  Argument names in docs not in code:
    f
  Mismatches in argument names:
    Position: 1 Code: x Docs: f

Codoc mismatches from documentation object 'newreorder':
newreorder
  Code: function(x)
  Docs: function(f)
  Argument names in code not in docs:
    x
  Argument names in docs not in code:
    f
  Mismatches in argument names:
    Position: 1 Code: x Docs: f

* checking Rd \usage sections ... WARNING
Undocumented arguments in documentation object 'detect_factors'
  'f'
Documented arguments not in \usage in documentation object 'detect_factors':
  'x'

Undocumented arguments in documentation object 'dfread'
  'file'
Documented arguments not in \usage in documentation object 'dfread':
  'dataframe'
Objects in \usage without \alias in documentation object 'dfread':
  'readdataframe'

Objects in \usage without \alias in documentation object 'dfwrite':
  'writedataframe'

Undocumented arguments in documentation object 'newreorder'
  'f'
Documented arguments not in \usage in documentation object 'newreorder':
  'x'

Undocumented arguments in documentation object 'newrev'
  'x'
Documented arguments not in \usage in documentation object 'newrev':
  'f'

Bad \usage lines found in documentation object 'newreorder':
  This function give you the ability to sort your factors in descending order.

Functions with \usage entries need to have the appropriate \alias
entries, and all their arguments documented.
The \usage entries must correspond to syntactically valid R code.
See chapter 'Writing R documentation files' in the 'Writing R
Extensions' manual.
* checking Rd contents ... OK
* checking for unstated dependencies in examples ... OK
 WARNING
'qpdf' is needed for checks on size reduction of PDFs
* checking installed files from 'inst/doc' ... OK
* checking files in 'vignettes' ... OK
* checking examples ... OK
* checking for unstated dependencies in 'tests' ... OK
* checking tests ... OK
  Running 'testthat.R'
* checking for unstated dependencies in vignettes ... OK
* checking package vignettes in 'inst/doc' ... OK
* checking re-building of vignette outputs ... OK
* DONE
Status: 4 WARNINGs, 1 NOTE
